GET /capybara 200
GET /awww-yis 200
GET /painful 500
GET /kittens 200
GET /sushi-cats 200
GET /sushi-cats 200
GET /kittens 200
GET /sushi-cats 200
GET /dog 200
GET /ducklings 200
GET /painful 500
GET /awww-yis 200
GET /chinchilla 200
GET /cupcake 200
GET /rainbows 200
GET /dog 200
GET / 200
GET /rainbows 200
GET /painful 500
GET /ducklings 200
GET /danger-file 500
GET /sushi-cats 200
GET /rainbows 200
GET /dog 200
GET /sushi-cats 200
GET /cow 200
GET /sushi-cats 200
GET /bad-file 500
GET /fish 200
GET /poor-server 500
GET /kittens 200
GET /ragequit 500
GET /capybara 200
GET /fail 500
GET /fail 500
GET /bad-file 500
GET /cow 200
GET /fish.txt 200
GET /capybara 200
GET /capybara 200
GET /danger-file 500
GET /:-D 200
GET /cupcake 200
GET / 200
GET /cow 200
GET /clouds 200
