GET /mc-hammer 200
GET /ragequit 500
GET /crisps 200
GET /robots.txt 200
GET /fail 500
GET /kittens 200
GET /sunshine 200
GET /kittens 200
GET /chinchilla 200
GET /bunnies 200
GET /go-away 500
GET /sunshine 200
GET /:-D 200
GET /rainbows 200
GET /dog 200
GET /danger-file 500
GET /fish.txt 200
GET /painful 500
GET / 200
GET /cupcake 200
GET /bad-file 500
GET /search 200
GET /ragequit 500
GET /rainbows 200
GET /painful 500
GET /cow 200
GET /sunshine 200
GET /painful 500
GET / 200
GET /crisps 200
GET /sunshine 200
GET / 200
GET /rainbows 200
GET /poor-server 500
GET /crisps 200
GET /ragequit 500
GET /chinchilla 200
GET /:-D 200
GET /crisps 200
GET /search 200
GET /chinchilla 200
GET /fish 200
GET /kittens 200
GET /painful 500
GET /:-D 200
GET /fish 200
GET /bad-file 500
GET /puppies 200
GET /cow 200
GET /mc-hammer 200
GET /rainbows 200
GET / 200
GET /crisps 200
GET /ragequit 500
GET /ragequit 500
GET /capybara 200
GET /ragequit 500
GET /kittens 200
GET /cow 200
GET /crisps 200
GET /bunnies 200
GET /awww-yis 200
GET /go-away 500
GET / 200
GET /crisps 200
GET /:-D 200
GET /painful 500
GET /bunnies 200
GET /ducklings 200
GET /rainbows 200
GET /awww-yis 200
GET /clouds 200
GET /robots.txt 200
GET /go-away 500
GET /dog 200
GET /dog 200
GET /capybara 200
GET /fish.txt 200
GET /mc-hammer 200
GET /awww-yis 200
GET /bad-file 500
GET /kittens 200
GET /clouds 200
GET /fish 200
GET /painful 500
GET /kittens 200
GET / 200
GET /fail 500
GET /fish.txt 200
GET /mc-hammer 200
GET /ragequit 500
GET /poor-server 500
GET /sushi-cats 200
GET /sushi-cats 200
GET /capybara 200
GET /capybara 200
GET /sushi-cats 200
GET /clouds 200
GET /awww-yis 200
GET /:-D 200
GET / 200
GET /fish.txt 200
GET /fail 500
GET /search 200
GET /go-away 500
GET /mc-hammer 200
GET /danger-file 500
GET /fail 500
GET /capybara 200
GET /sunshine 200
GET /puppies 200
GET /dog 200
GET /:-D 200
GET /sushi-cats 200
GET /rainbows 200
GET /cupcake 200
GET /ragequit 500
GET /go-away 500
GET /fish.txt 200
GET /awww-yis 200
GET /puppies 200
GET /cow 200
GET /dog 200
GET /ducklings 200
GET /ragequit 500
GET /sunshine 200
GET /bad-file 500
GET / 200
GET /robots.txt 200
GET /go-away 500
GET /crisps 200
GET /rainbows 200
GET /go-away 500
GET /search 200
GET /bad-file 500
GET /ragequit 500
GET /ragequit 500
GET /cow 200
GET /sunshine 200
GET /bunnies 200
GET /sushi-cats 200
GET / 200
GET /fish 200
GET /bunnies 200
GET /ducklings 200
GET /rainbows 200
GET /chinchilla 200
GET /chinchilla 200
GET /:-D 200
GET /cow 200
GET /clouds 200
GET /crisps 200
GET /fish.txt 200
GET /crisps 200
GET /ducklings 200
GET /awww-yis 200
GET /ducklings 200
GET /capybara 200
GET /painful 500
GET /chinchilla 200
GET /ducklings 200
GET /go-away 500
GET /sushi-cats 200
GET /capybara 200
GET /chinchilla 200
GET /chinchilla 200
GET /go-away 500
GET /sushi-cats 200
GET /sushi-cats 200
GET /cupcake 200
GET /capybara 200
GET /bad-file 500
GET /cow 200
GET /dog 200
GET /chinchilla 200
GET /painful 500
GET /sushi-cats 200
GET /danger-file 500
GET /fish.txt 200
GET /sunshine 200
GET /:-D 200
GET /clouds 200
GET / 200
GET /awww-yis 200
GET /ducklings 200
GET /poor-server 500
GET /clouds 200
GET /mc-hammer 200
GET /fish 200
GET /puppies 200
GET /danger-file 500
GET /crisps 200
GET /fail 500
GET /cupcake 200
GET /fish.txt 200
GET /fish 200
GET /go-away 500
GET /dog 200
GET /crisps 200
GET /crisps 200
GET /clouds 200
GET /cow 200
GET /fish 200
GET /fish 200
GET /fish 200
GET /search 200
GET / 200
GET /cupcake 200
GET /ragequit 500
GET /clouds 200
GET /cow 200
GET /ragequit 500
GET /ragequit 500
GET /mc-hammer 200
GET /rainbows 200
GET /sunshine 200
GET /cow 200
GET /cow 200
GET /chinchilla 200
GET /ragequit 500
GET /chinchilla 200
GET /puppies 200
GET /rainbows 200
GET /kittens 200
GET /bad-file 500
GET /robots.txt 200
GET /fail 500
GET /cow 200
GET /awww-yis 200
GET /bad-file 500
GET /fish.txt 200
GET /dog 200
GET /painful 500
GET /capybara 200
GET /fish.txt 200
GET /sunshine 200
GET /puppies 200
GET /fail 500
GET /fail 500
GET /fail 500
GET /search 200
GET /painful 500
GET /clouds 200
GET /fish.txt 200
GET /poor-server 500
GET /puppies 200
GET /fish 200
GET /sunshine 200
GET /dog 200
GET /cupcake 200
GET /painful 500
GET /painful 500
GET /fish 200
GET /sushi-cats 200
GET /rainbows 200
GET /chinchilla 200
GET /crisps 200
GET /cow 200
GET /rainbows 200
GET / 200
GET /dog 200
GET /bad-file 500
GET /puppies 200
GET /chinchilla 200
GET /fail 500
GET /:-D 200
GET /bunnies 200
GET / 200
GET /crisps 200
GET /poor-server 500
GET /cow 200
GET /search 200
GET /awww-yis 200
GET /capybara 200
GET /go-away 500
GET /clouds 200
GET /cupcake 200
GET /awww-yis 200
GET /chinchilla 200
GET /ducklings 200
GET /fish.txt 200
GET /mc-hammer 200
GET /ducklings 200
GET /clouds 200
GET /sushi-cats 200
GET /kittens 200
GET /cupcake 200
GET /fish 200
GET /chinchilla 200
GET /fish.txt 200
GET /fish.txt 200
GET / 200
GET /ducklings 200
GET /bad-file 500
GET /sushi-cats 200
GET / 200
GET /cow 200
GET /awww-yis 200
GET /bad-file 500
GET /chinchilla 200
GET /ragequit 500
GET /painful 500
GET /dog 200
GET /sushi-cats 200
GET /sushi-cats 200
GET /dog 200
GET /cow 200
GET /sushi-cats 200
GET /go-away 500
GET /sunshine 200
GET /kittens 200
GET / 200
GET /cupcake 200
GET / 200
GET /cupcake 200
GET /sushi-cats 200
GET /rainbows 200
GET /bad-file 500
GET /bad-file 500
GET /kittens 200
GET /awww-yis 200
GET /bad-file 500
GET /crisps 200
GET /rainbows 200
GET /cow 200
GET /poor-server 500
GET /puppies 200
GET /go-away 500
GET /chinchilla 200
GET /bunnies 200
GET /poor-server 500
GET / 200
GET /mc-hammer 200
GET /capybara 200
GET /bad-file 500
GET /chinchilla 200
GET /search 200
GET /clouds 200
GET /ducklings 200
GET /fish.txt 200
GET /search 200
GET /dog 200
GET /bunnies 200
GET /:-D 200
GET / 200
GET /bunnies 200
GET /fail 500
GET /go-away 500
GET /rainbows 200
GET /kittens 200
GET /fish 200
GET /rainbows 200
GET /clouds 200
GET /kittens 200
GET /kittens 200
GET /cow 200
GET /:-D 200
GET /:-D 200
GET /capybara 200
GET /dog 200
GET /rainbows 200
GET /cow 200
GET /ragequit 500
GET / 200
GET /puppies 200
