GET /search 200
GET /awww-yis 200
GET /bad-file 500
GET /go-away 500
GET /cupcake 200
GET /sushi-cats 200
GET /mc-hammer 200
GET /ragequit 500
GET /:-D 200
GET /cow 200
GET /bunnies 200
GET /fish.txt 200
GET / 200
GET /search 200
GET /capybara 200
GET /fail 500
GET /fish.txt 200
GET / 200
GET / 200
GET /poor-server 500
GET /sunshine 200
GET /puppies 200
GET /sunshine 200
GET /fish 200
GET /sushi-cats 200
GET /cupcake 200
GET / 200
GET /bad-file 500
GET /capybara 200
GET /painful 500
GET /fish.txt 200
GET /bunnies 200
GET /capybara 200
GET /poor-server 500
GET /fish 200
GET /ragequit 500
GET /ragequit 500
GET /fish 200
GET /bad-file 500
GET /painful 500
GET /clouds 200
